This is XeTeX, Version 3.14159265-2.6-0.99991 (TeX Live 2014) (preloaded format=xelatex 2014.12.17)  16 JAN 2015 15:08
entering extended mode
 restricted \write18 enabled.
 %&-line parsing enabled.
**cv_panpan_ch_rd.tex
(./cv_panpan_ch_rd.tex
LaTeX2e <2014/05/01>
Babel <3.9l> and hyphenation patterns for 79 languages loaded.
(./moderncv.cls
Document Class: moderncv 2012/10/31 v1.2.0 modern curriculum vitae and letter d
ocument class
(/usr/local/texlive/2014/texmf-dist/tex/latex/base/size10.clo
File: size10.clo 2014/09/29 v1.4h Standard LaTeX file (size option)
)
(/usr/local/texlive/2014/texmf-dist/tex/latex/etoolbox/etoolbox.sty
Package: etoolbox 2011/01/03 v2.1 e-TeX tools for LaTeX

(/usr/local/texlive/2014/texmf-dist/tex/latex/etex-pkg/etex.sty
Package: etex 1998/03/26 v2.0 eTeX basic definition package (PEB)
\et@xins=\count80
)
\etb@tempcnta=\count81
)
(/usr/local/texlive/2014/texmf-dist/tex/latex/base/ifthen.sty
Package: ifthen 2014/09/29 v1.1c Standard LaTeX ifthen package (DPC)
)
(/usr/local/texlive/2014/texmf-dist/tex/latex/xcolor/xcolor.sty
Package: xcolor 2007/01/21 v2.11 LaTeX color extensions (UK)

(/usr/local/texlive/2014/texmf-dist/tex/latex/latexconfig/color.cfg
File: color.cfg 2007/01/18 v1.5 color configuration of teTeX/TeXLive
)
Package xcolor Info: Driver file: xetex.def on input line 225.

(/usr/local/texlive/2014/texmf-dist/tex/xelatex/xetex-def/xetex.def
File: xetex.def 2014/07/25 v4.03 LaTeX color/graphics driver for XeTeX (RRM/JK)

)
Package xcolor Info: Model `cmy' substituted by `cmy0' on input line 1337.
Package xcolor Info: Model `RGB' extended on input line 1353.
Package xcolor Info: Model `HTML' substituted by `rgb' on input line 1355.
Package xcolor Info: Model `Hsb' substituted by `hsb' on input line 1356.
Package xcolor Info: Model `tHsb' substituted by `hsb' on input line 1357.
Package xcolor Info: Model `HSB' substituted by `hsb' on input line 1358.
Package xcolor Info: Model `Gray' substituted by `gray' on input line 1359.
Package xcolor Info: Model `wave' substituted by `hsb' on input line 1360.
)
(/usr/local/texlive/2014/texmf-dist/tex/latex/base/fontenc.sty
Package: fontenc 2005/09/27 v1.99g Standard LaTeX package

(/usr/local/texlive/2014/texmf-dist/tex/latex/base/t1enc.def
File: t1enc.def 2005/09/27 v1.99g Standard LaTeX file
LaTeX Font Info:    Redeclaring font encoding T1 on input line 43.
))
(/usr/local/texlive/2014/texmf-dist/tex/latex/lm/lmodern.sty
Package: lmodern 2009/10/30 v1.6 Latin Modern Fonts
LaTeX Font Info:    Overwriting symbol font `operators' in version `normal'
(Font)                  OT1/cmr/m/n --> OT1/lmr/m/n on input line 22.
LaTeX Font Info:    Overwriting symbol font `letters' in version `normal'
(Font)                  OML/cmm/m/it --> OML/lmm/m/it on input line 23.
LaTeX Font Info:    Overwriting symbol font `symbols' in version `normal'
(Font)                  OMS/cmsy/m/n --> OMS/lmsy/m/n on input line 24.
LaTeX Font Info:    Overwriting symbol font `largesymbols' in version `normal'
(Font)                  OMX/cmex/m/n --> OMX/lmex/m/n on input line 25.
LaTeX Font Info:    Overwriting symbol font `operators' in version `bold'
(Font)                  OT1/cmr/bx/n --> OT1/lmr/bx/n on input line 26.
LaTeX Font Info:    Overwriting symbol font `letters' in version `bold'
(Font)                  OML/cmm/b/it --> OML/lmm/b/it on input line 27.
LaTeX Font Info:    Overwriting symbol font `symbols' in version `bold'
(Font)                  OMS/cmsy/b/n --> OMS/lmsy/b/n on input line 28.
LaTeX Font Info:    Overwriting symbol font `largesymbols' in version `bold'
(Font)                  OMX/cmex/m/n --> OMX/lmex/m/n on input line 29.
LaTeX Font Info:    Overwriting math alphabet `\mathbf' in version `normal'
(Font)                  OT1/cmr/bx/n --> OT1/lmr/bx/n on input line 31.
LaTeX Font Info:    Overwriting math alphabet `\mathsf' in version `normal'
(Font)                  OT1/cmss/m/n --> OT1/lmss/m/n on input line 32.
LaTeX Font Info:    Overwriting math alphabet `\mathit' in version `normal'
(Font)                  OT1/cmr/m/it --> OT1/lmr/m/it on input line 33.
LaTeX Font Info:    Overwriting math alphabet `\mathtt' in version `normal'
(Font)                  OT1/cmtt/m/n --> OT1/lmtt/m/n on input line 34.
LaTeX Font Info:    Overwriting math alphabet `\mathbf' in version `bold'
(Font)                  OT1/cmr/bx/n --> OT1/lmr/bx/n on input line 35.
LaTeX Font Info:    Overwriting math alphabet `\mathsf' in version `bold'
(Font)                  OT1/cmss/bx/n --> OT1/lmss/bx/n on input line 36.
LaTeX Font Info:    Overwriting math alphabet `\mathit' in version `bold'
(Font)                  OT1/cmr/bx/it --> OT1/lmr/bx/it on input line 37.
LaTeX Font Info:    Overwriting math alphabet `\mathtt' in version `bold'
(Font)                  OT1/cmtt/m/n --> OT1/lmtt/m/n on input line 38.
)
(/usr/local/texlive/2014/texmf-dist/tex/latex/url/url.sty
\Urlmuskip=\muskip10
Package: url 2013/09/16  ver 3.4  Verb mode for urls, etc.
)
(/usr/local/texlive/2014/texmf-dist/tex/latex/graphics/graphicx.sty
Package: graphicx 2014/10/28 v1.0g Enhanced LaTeX Graphics (DPC,SPQR)

(/usr/local/texlive/2014/texmf-dist/tex/latex/graphics/keyval.sty
Package: keyval 2014/10/28 v1.15 key=value parser (DPC)
\KV@toks@=\toks14
)
(/usr/local/texlive/2014/texmf-dist/tex/latex/graphics/graphics.sty
Package: graphics 2014/10/28 v1.0p Standard LaTeX Graphics (DPC,SPQR)

(/usr/local/texlive/2014/texmf-dist/tex/latex/graphics/trig.sty
Package: trig 1999/03/16 v1.09 sin cos tan (DPC)
)
(/usr/local/texlive/2014/texmf-dist/tex/latex/latexconfig/graphics.cfg
File: graphics.cfg 2010/04/23 v1.9 graphics configuration of TeX Live
)
Package graphics Info: Driver file: xetex.def on input line 91.
)
\Gin@req@height=\dimen102
\Gin@req@width=\dimen103
)
(/usr/local/texlive/2014/texmf-dist/tex/latex/fancyhdr/fancyhdr.sty
\fancy@headwidth=\skip41
\f@ncyO@elh=\skip42
\f@ncyO@erh=\skip43
\f@ncyO@olh=\skip44
\f@ncyO@orh=\skip45
\f@ncyO@elf=\skip46
\f@ncyO@erf=\skip47
\f@ncyO@olf=\skip48
\f@ncyO@orf=\skip49
)
(/usr/local/texlive/2014/texmf-dist/tex/latex/tools/calc.sty
Package: calc 2014/10/28 v4.3 Infix arithmetic (KKT,FJ)
\calc@Acount=\count82
\calc@Bcount=\count83
\calc@Adimen=\dimen104
\calc@Bdimen=\dimen105
\calc@Askip=\skip50
\calc@Bskip=\skip51
LaTeX Info: Redefining \setlength on input line 75.
LaTeX Info: Redefining \addtolength on input line 76.
\calc@Ccount=\count84
\calc@Cskip=\skip52
)
(/usr/local/texlive/2014/texmf-dist/tex/latex/xargs/xargs.sty
Package: xargs 2008/03/22 v1.1  extended macro definitions  (mpg)

(/usr/local/texlive/2014/texmf-dist/tex/latex/xkeyval/xkeyval.sty
Package: xkeyval 2014/12/03 v2.7a package option processing (HA)

(/usr/local/texlive/2014/texmf-dist/tex/generic/xkeyval/xkeyval.tex
(/usr/local/texlive/2014/texmf-dist/tex/generic/xkeyval/xkvutils.tex
\XKV@toks=\toks15
\XKV@tempa@toks=\toks16
)
\XKV@depth=\count85
File: xkeyval.tex 2014/12/03 v2.7a key=value parser (HA)
))
\xargs@max=\count86
\xargs@toksa=\toks17
\xargs@toksb=\toks18
)
(/usr/local/texlive/2014/texmf-dist/tex/latex/microtype/microtype.sty
Package: microtype 2013/05/23 v2.5a Micro-typographical refinements (RS)
\MT@toks=\toks19
\MT@count=\count87
LaTeX Info: Redefining \textls on input line 766.
\MT@outer@kern=\dimen106
LaTeX Info: Redefining \textmicrotypecontext on input line 1285.
\MT@listname@count=\count88

(/usr/local/texlive/2014/texmf-dist/tex/latex/microtype/microtype-xetex.def
File: microtype-xetex.def 2013/05/23 v2.5a Definitions specific to xetex (RS)
LaTeX Info: Redefining \lsstyle on input line 254.
)
Package microtype Info: Loading configuration file microtype.cfg.

(/usr/local/texlive/2014/texmf-dist/tex/latex/microtype/microtype.cfg
File: microtype.cfg 2013/05/23 v2.5a microtype main configuration file (RS)
))
(./moderncvcompatibility.sty
Package: moderncvcompatibility 2012/10/31 v1.2.0 modern curriculum vitae and le
tter compatibility patches
)
(/usr/local/texlive/2014/texmf-dist/tex/latex/bigfoot/suffix.sty
Package: suffix 2006/07/15 1.5a Variant command support
)
\bibindent=\skip53

(./tweaklist.sty)) (./moderncvstyleclassic.sty
Package: moderncvstyleclassic 2012/10/31 v1.2.0 modern curriculum vitae and let
ter style scheme: classic
\quotewidth=\skip54
\hintscolumnwidth=\skip55
\separatorcolumnwidth=\skip56
\maincolumnwidth=\skip57
\doubleitemmaincolumnwidth=\skip58
\listitemsymbolwidth=\skip59
LaTeX Font Info:    Try loading font information for U+mvs on input line 78.

(/usr/local/texlive/2014/texmf-dist/tex/latex/marvosym/umvs.fd)
\listitemmaincolumnwidth=\skip60
\listdoubleitemmaincolumnwidth=\skip61
\makecvtitlenamewidth=\skip62
\baseletterheight=\skip63
\cvitemwithcommentmainbox=\box26
\cvitemwithcommentmainlength=\skip64
\cvitemwithcommentcommentlength=\skip65
)
(./moderncvcolorblue.sty
Package: moderncvcolorblue 2012/10/31 v1.2.0 modern curriculum vitae and letter
 color scheme: blue
)
(/usr/local/texlive/2014/texmf-dist/tex/latex/geometry/geometry.sty
Package: geometry 2010/09/12 v5.6 Page Geometry

(/usr/local/texlive/2014/texmf-dist/tex/generic/oberdiek/ifpdf.sty
Package: ifpdf 2011/01/30 v2.3 Provides the ifpdf switch (HO)
Package ifpdf Info: pdfTeX in PDF mode is not detected.
)
(/usr/local/texlive/2014/texmf-dist/tex/generic/oberdiek/ifvtex.sty
Package: ifvtex 2010/03/01 v1.5 Detect VTeX and its facilities (HO)
Package ifvtex Info: VTeX not detected.
)
(/usr/local/texlive/2014/texmf-dist/tex/generic/ifxetex/ifxetex.sty
Package: ifxetex 2010/09/12 v0.6 Provides ifxetex conditional
)
\Gm@cnth=\count89
\Gm@cntv=\count90
\c@Gm@tempcnt=\count91
\Gm@bindingoffset=\dimen107
\Gm@wd@mp=\dimen108
\Gm@odd@mp=\dimen109
\Gm@even@mp=\dimen110
\Gm@layoutwidth=\dimen111
\Gm@layoutheight=\dimen112
\Gm@layouthoffset=\dimen113
\Gm@layoutvoffset=\dimen114
\Gm@dimlist=\toks20
)
(/usr/local/texlive/2014/texmf-dist/tex/latex/float/float.sty
Package: float 2001/11/08 v1.3d Float enhancements (AL)
\c@float@type=\count92
\float@exts=\toks21
\float@box=\box27
\@float@everytoks=\toks22
\@floatcapt=\box28
)
(/usr/local/texlive/2014/texmf-dist/tex/latex/fontspec/fontspec.sty
Package: fontspec 2014/06/21 v2.4a Font selection for XeLaTeX and LuaLaTeX

(/usr/local/texlive/2014/texmf-dist/tex/latex/l3kernel/expl3.sty
Package: expl3 2014/11/25 v5471 L3 programming layer (loader) 

(/usr/local/texlive/2014/texmf-dist/tex/latex/l3kernel/expl3-code.tex
Package: expl3 2014/11/25 v5471 L3 programming layer (code) 
L3 Module: l3bootstrap 2014/08/23 v5354 L3 Bootstrap code
L3 Module: l3names 2014/08/22 v5343 L3 Namespace for primitives
L3 Module: l3basics 2014/08/24 v5364 L3 Basic definitions
L3 Module: l3expan 2014/08/22 v5349 L3 Argument expansion
L3 Module: l3tl 2014/11/19 v5460 L3 Token lists
L3 Module: l3str 2014/08/24 v5368 L3 Strings
L3 Module: l3seq 2014/08/23 v5354 L3 Sequences and stacks
L3 Module: l3int 2014/09/14 v5421 L3 Integers
\c_max_int=\count93
\l_tmpa_int=\count94
\l_tmpb_int=\count95
\g_tmpa_int=\count96
\g_tmpb_int=\count97
L3 Module: l3quark 2014/08/23 v5354 L3 Quarks
L3 Module: l3prg 2014/08/23 v5354 L3 Control structures
\g__prg_map_int=\count98
L3 Module: l3clist 2014/08/23 v5354 L3 Comma separated lists
L3 Module: l3token 2014/09/15 v5422 L3 Experimental token manipulation
L3 Module: l3prop 2014/08/23 v5354 L3 Property lists
L3 Module: l3msg 2014/08/24 v5358 L3 Messages
L3 Module: l3file 2014/08/24 v5369 L3 File and I/O operations
\l_iow_line_count_int=\count99
\l__iow_target_count_int=\count100
\l__iow_current_line_int=\count101
\l__iow_current_word_int=\count102
\l__iow_current_indentation_int=\count103
L3 Module: l3skip 2014/08/23 v5354 L3 Dimensions and skips
\c_zero_dim=\dimen115
\c_max_dim=\dimen116
\l_tmpa_dim=\dimen117
\l_tmpb_dim=\dimen118
\g_tmpa_dim=\dimen119
\g_tmpb_dim=\dimen120
\c_zero_skip=\skip66
\c_max_skip=\skip67
\l_tmpa_skip=\skip68
\l_tmpb_skip=\skip69
\g_tmpa_skip=\skip70
\g_tmpb_skip=\skip71
\c_zero_muskip=\muskip11
\c_max_muskip=\muskip12
\l_tmpa_muskip=\muskip13
\l_tmpb_muskip=\muskip14
\g_tmpa_muskip=\muskip15
\g_tmpb_muskip=\muskip16
L3 Module: l3keys 2014/08/23 v5354 L3 Key-value interfaces
\g__keyval_level_int=\count104
\l_keys_choice_int=\count105
L3 Module: l3fp 2014/08/22 v5336 L3 Floating points
\c__fp_leading_shift_int=\count106
\c__fp_middle_shift_int=\count107
\c__fp_trailing_shift_int=\count108
\c__fp_big_leading_shift_int=\count109
\c__fp_big_middle_shift_int=\count110
\c__fp_big_trailing_shift_int=\count111
\c__fp_Bigg_leading_shift_int=\count112
\c__fp_Bigg_middle_shift_int=\count113
\c__fp_Bigg_trailing_shift_int=\count114
L3 Module: l3box 2014/08/23 v5354 L3 Experimental boxes
\c_empty_box=\box29
\l_tmpa_box=\box30
\l_tmpb_box=\box31
\g_tmpa_box=\box32
\g_tmpb_box=\box33
L3 Module: l3coffins 2014/08/23 v5354 L3 Coffin code layer
\l__coffin_internal_box=\box34
\l__coffin_internal_dim=\dimen121
\l__coffin_offset_x_dim=\dimen122
\l__coffin_offset_y_dim=\dimen123
\l__coffin_x_dim=\dimen124
\l__coffin_y_dim=\dimen125
\l__coffin_x_prime_dim=\dimen126
\l__coffin_y_prime_dim=\dimen127
\c_empty_coffin=\box35
\l__coffin_aligned_coffin=\box36
\l__coffin_aligned_internal_coffin=\box37
\l_tmpa_coffin=\box38
\l_tmpb_coffin=\box39
\l__coffin_display_coffin=\box40
\l__coffin_display_coord_coffin=\box41
\l__coffin_display_pole_coffin=\box42
\l__coffin_display_offset_dim=\dimen128
\l__coffin_display_x_dim=\dimen129
\l__coffin_display_y_dim=\dimen130
L3 Module: l3color 2014/08/23 v5354 L3 Experimental color support
L3 Module: l3candidates 2014/11/23 v5466 L3 Experimental additions to l3kernel
\l__box_top_dim=\dimen131
\l__box_bottom_dim=\dimen132
\l__box_left_dim=\dimen133
\l__box_right_dim=\dimen134
\l__box_top_new_dim=\dimen135
\l__box_bottom_new_dim=\dimen136
\l__box_left_new_dim=\dimen137
\l__box_right_new_dim=\dimen138
\l__box_internal_box=\box43
\l__coffin_bounding_shift_dim=\dimen139
\l__coffin_left_corner_dim=\dimen140
\l__coffin_right_corner_dim=\dimen141
\l__coffin_bottom_corner_dim=\dimen142
\l__coffin_top_corner_dim=\dimen143
\l__coffin_scaled_total_height_dim=\dimen144
\l__coffin_scaled_width_dim=\dimen145
)
(/usr/local/texlive/2014/texmf-dist/tex/latex/l3kernel/l3unicode-data.def
File: l3unicode-data.def 2014/11/23 v5465 L3 Unicode data
)
(/usr/local/texlive/2014/texmf-dist/tex/latex/l3kernel/l3xdvipdfmx.def
File: l3xdvidpfmx.def 2014/11/23 v5466 L3 Experimental driver: xdvipdfmx
))
(/usr/local/texlive/2014/texmf-dist/tex/latex/l3packages/xparse/xparse.sty
Package: xparse 2014/11/25 v5471 L3 Experimental document command parser
\l__xparse_current_arg_int=\count115
\l__xparse_m_args_int=\count116
\l__xparse_mandatory_args_int=\count117
\l__xparse_processor_int=\count118
\l__xparse_v_nesting_int=\count119
)
\l_fontspec_script_int=\count120
\l_fontspec_language_int=\count121
\l_fontspec_strnum_int=\count122
\l__fontspec_tmpa_dim=\dimen146
\l__fontspec_tmpb_dim=\dimen147
\l__fontspec_tmpc_dim=\dimen148
Variant \tl_gset:cV already defined; not changing it on line 71

(/usr/local/texlive/2014/texmf-dist/tex/latex/fontspec/fontspec-patches.sty
Package: fontspec-patches 2014/06/21 v2.4a Font selection for XeLaTeX and LuaLa
TeX
LaTeX Info: Redefining \em on input line 38.
LaTeX Info: Redefining \emph on input line 46.
LaTeX Info: Redefining \- on input line 49.
.................................................
. LaTeX info: "xparse/redefine-command"
. 
. Redefining command \oldstylenums with sig. 'm' on line 144.
.................................................
.................................................
. LaTeX info: "xparse/define-command"
. 
. Defining command \liningnums with sig. 'm' on line 148.
.................................................
)
(/usr/local/texlive/2014/texmf-dist/tex/latex/fontspec/fontspec-xetex.sty
Package: fontspec-xetex 2014/06/21 v2.4a Font selection for XeLaTeX and LuaLaTe
X

(/usr/local/texlive/2014/texmf-dist/tex/latex/base/fontenc.sty
Package: fontenc 2005/09/27 v1.99g Standard LaTeX package

(/usr/local/texlive/2014/texmf-dist/tex/latex/euenc/eu1enc.def
File: eu1enc.def 2010/05/27 v0.1h Experimental Unicode font encodings
)
LaTeX Font Info:    Try loading font information for EU1+lmr on input line 100.


(/usr/local/texlive/2014/texmf-dist/tex/latex/euenc/eu1lmr.fd
File: eu1lmr.fd 2009/10/30 v1.6 Font defs for Latin Modern
))
(/usr/local/texlive/2014/texmf-dist/tex/xelatex/xunicode/xunicode.sty
File: xunicode.sty 2011/09/09 v0.981 provides access to latin accents and many 
other characters in Unicode lower plane

(/usr/local/texlive/2014/texmf-dist/tex/latex/tipa/t3enc.def
File: t3enc.def 2001/12/31 T3 encoding
LaTeX Font Info:    Try loading font information for EU1+lmss on input line 357
.

(/usr/local/texlive/2014/texmf-dist/tex/latex/euenc/eu1lmss.fd
File: eu1lmss.fd 2009/10/30 v1.6 Font defs for Latin Modern
))
\tipaTiiicode=\count123
\tipasavetokens=\toks23
\tipachecktokens=\toks24
)
.................................................
. LaTeX info: "xparse/define-command"
. 
. Defining command \fontspec with sig. 'O{}mO{}' on line 41.
.................................................
.................................................
. LaTeX info: "xparse/define-command"
. 
. Defining command \setmainfont with sig. 'O{}mO{}' on line 47.
.................................................
.................................................
. LaTeX info: "xparse/define-command"
. 
. Defining command \setsansfont with sig. 'O{}mO{}' on line 53.
.................................................
.................................................
. LaTeX info: "xparse/define-command"
. 
. Defining command \setmonofont with sig. 'O{}mO{}' on line 59.
.................................................
.................................................
. LaTeX info: "xparse/define-command"
. 
. Defining command \setmathrm with sig. 'O{}mO{}' on line 68.
.................................................
.................................................
. LaTeX info: "xparse/define-command"
. 
. Defining command \setboldmathrm with sig. 'O{}mO{}' on line 72.
.................................................
.................................................
. LaTeX info: "xparse/define-command"
. 
. Defining command \setmathsf with sig. 'O{}mO{}' on line 76.
.................................................
.................................................
. LaTeX info: "xparse/define-command"
. 
. Defining command \setmathtt with sig. 'O{}mO{}' on line 80.
.................................................
.................................................
. LaTeX info: "xparse/define-command"
. 
. Defining command \newfontfamily with sig. 'mO{}mO{}' on line 99.
.................................................
.................................................
. LaTeX info: "xparse/define-command"
. 
. Defining command \newfontface with sig. 'mO{}mO{}' on line 103.
.................................................
.................................................
. LaTeX info: "xparse/define-command"
. 
. Defining command \defaultfontfeatures with sig. 't+om' on line 112.
.................................................
.................................................
. LaTeX info: "xparse/define-command"
. 
. Defining command \addfontfeatures with sig. 'm' on line 170.
.................................................
.................................................
. LaTeX info: "xparse/define-command"
. 
. Defining command \newfontfeature with sig. 'mm' on line 181.
.................................................
.................................................
. LaTeX info: "xparse/define-command"
. 
. Defining command \newAATfeature with sig. 'mmmm' on line 189.
.................................................
.................................................
. LaTeX info: "xparse/define-command"
. 
. Defining command \newopentypefeature with sig. 'mmm' on line 197.
.................................................
.................................................
. LaTeX info: "xparse/define-command"
. 
. Defining command \aliasfontfeature with sig. 'mm' on line 226.
.................................................
.................................................
. LaTeX info: "xparse/define-command"
. 
. Defining command \aliasfontfeatureoption with sig. 'mmm' on line 228.
.................................................
.................................................
. LaTeX info: "xparse/define-command"
. 
. Defining command \newfontscript with sig. 'mm' on line 233.
.................................................
.................................................
. LaTeX info: "xparse/define-command"
. 
. Defining command \newfontlanguage with sig. 'mm' on line 259.
.................................................
.................................................
. LaTeX info: "xparse/define-command"
. 
. Defining command \DeclareFontsExtensions with sig. 'm' on line 279.
.................................................
Variant \prop_gput:cnV already defined; not changing it on line 662
Variant \prop_gput:cnx already defined; not changing it on line 663
\l__fontspec_tmp_int=\count124
LaTeX Info: Redefining \itshape on input line 2193.
LaTeX Info: Redefining \slshape on input line 2198.
LaTeX Info: Redefining \scshape on input line 2203.
LaTeX Info: Redefining \upshape on input line 2208.

(/usr/local/texlive/2014/texmf-dist/tex/latex/fontspec/fontspec.cfg)))
\g__file_internal_ior=\read1
.................................................
. fontspec info: "no-scripts"
. 
. Font Heiti SC does not contain any OpenType `Script' information.
.................................................
\g__fontspec_family_HeitiSC_int=\count125
.................................................
. fontspec info: "no-font-shape"
. 
. Could not resolve font Heiti SC Medium/I (it probably doesn't exist).
.................................................
.................................................
. fontspec info: "no-font-shape"
. 
. Could not resolve font Heiti SC/I (it probably doesn't exist).
.................................................
.................................................
. fontspec info: "defining-font"
. 
. Font family 'HeitiSC(0)' created for font 'Heiti SC' with options
. [BoldFont=Heiti SC Medium].
. 
. This font family consists of the following shapes:
. 
. * 'normal' with NFSS spec.:
. <->"Heiti SC/AAT:"
. 
. * 'small caps' with NFSS spec.:
. 
. and font adjustment code:
. 
. 
. * 'bold' with NFSS spec.:
. <->"Heiti SC Medium/AAT:"
. 
. * 'bold small caps' with NFSS spec.:
. 
. and font adjustment code:
. 
. 
. * 'bold italic' with NFSS spec.:
. <->"Heiti SC/BI/AAT:"
. 
. * 'bold small caps' with NFSS spec.:
. 
. and font adjustment code:
. 
.................................................
.................................................
. fontspec info: "no-scripts"
. 
. Font Heiti SC does not contain any OpenType `Script' information.
.................................................
.................................................
. fontspec info: "no-font-shape"
. 
. Could not resolve font Heiti SC/I (it probably doesn't exist).
.................................................
.................................................
. fontspec info: "defining-font"
. 
. Font family 'HeitiSC(1)' created for font 'Heiti SC' with options [].
. 
. This font family consists of the following shapes:
. 
. * 'normal' with NFSS spec.:
. <->"Heiti SC/AAT:"
. 
. * 'small caps' with NFSS spec.:
. 
. and font adjustment code:
. 
. 
. * 'bold' with NFSS spec.:
. <->"Heiti SC/B/AAT:"
. 
. * 'bold small caps' with NFSS spec.:
. 
. and font adjustment code:
. 
. 
. * 'bold italic' with NFSS spec.:
. <->"Heiti SC/BI/AAT:"
. 
. * 'bold small caps' with NFSS spec.:
. 
. and font adjustment code:
. 
.................................................

(/usr/local/texlive/2014/texmf-dist/tex/latex/tools/indentfirst.sty
Package: indentfirst 1995/11/23 v1.03 Indent first paragraph (DPC)
)
(/usr/local/texlive/2014/texmf-dist/tex/xetex/zhspacing/generic/zhspacing.sty
(/usr/local/texlive/2014/texmf-dist/tex/xetex/zhspacing/generic/zhsusefulmacros
.sty)
Package: zhspacing 2012/03/14

(/usr/local/texlive/2014/texmf-dist/tex/xetex/zhspacing/generic/zhsmyclass.sty
(/usr/local/texlive/2014/texmf-dist/tex/xetex/zhspacing/generic/zhsusefulmacros
.sty))
\@@interclasstoks@boundary@boundary=\toks25
\@@interclasstoks@halfwidth@boundary=\toks26
\@@interclasstoks@boundary@halfwidth=\toks27
\@@interclasstoks@halfwidth@halfwidth=\toks28
\@@interclasstoks@fullwidth@boundary=\toks29
\@@interclasstoks@boundary@fullwidth=\toks30
\@@interclasstoks@fullwidth@halfwidth=\toks31
\@@interclasstoks@halfwidth@fullwidth=\toks32
\@@interclasstoks@fullwidth@fullwidth=\toks33
\@@interclasstoks@alphanum@boundary=\toks34
\@@interclasstoks@boundary@alphanum=\toks35
\@@interclasstoks@alphanum@halfwidth=\toks36
\@@interclasstoks@halfwidth@alphanum=\toks37
\@@interclasstoks@alphanum@fullwidth=\toks38
\@@interclasstoks@fullwidth@alphanum=\toks39
\@@interclasstoks@alphanum@alphanum=\toks40
\@@interclasstoks@hanzi@boundary=\toks41
\@@interclasstoks@boundary@hanzi=\toks42
\@@interclasstoks@hanzi@halfwidth=\toks43
\@@interclasstoks@halfwidth@hanzi=\toks44
\@@interclasstoks@hanzi@fullwidth=\toks45
\@@interclasstoks@fullwidth@hanzi=\toks46
\@@interclasstoks@hanzi@alphanum=\toks47
\@@interclasstoks@alphanum@hanzi=\toks48
\@@interclasstoks@hanzi@hanzi=\toks49
\@@interclasstoks@openfw@boundary=\toks50
\@@interclasstoks@boundary@openfw=\toks51
\@@interclasstoks@openfw@halfwidth=\toks52
\@@interclasstoks@halfwidth@openfw=\toks53
\@@interclasstoks@openfw@fullwidth=\toks54
\@@interclasstoks@fullwidth@openfw=\toks55
\@@interclasstoks@openfw@alphanum=\toks56
\@@interclasstoks@alphanum@openfw=\toks57
\@@interclasstoks@openfw@hanzi=\toks58
\@@interclasstoks@hanzi@openfw=\toks59
\@@interclasstoks@openfw@openfw=\toks60
\@@interclasstoks@closefw@boundary=\toks61
\@@interclasstoks@boundary@closefw=\toks62
\@@interclasstoks@closefw@halfwidth=\toks63
\@@interclasstoks@halfwidth@closefw=\toks64
\@@interclasstoks@closefw@fullwidth=\toks65
\@@interclasstoks@fullwidth@closefw=\toks66
\@@interclasstoks@closefw@alphanum=\toks67
\@@interclasstoks@alphanum@closefw=\toks68
\@@interclasstoks@closefw@hanzi=\toks69
\@@interclasstoks@hanzi@closefw=\toks70
\@@interclasstoks@closefw@openfw=\toks71
\@@interclasstoks@openfw@closefw=\toks72
\@@interclasstoks@closefw@closefw=\toks73
\@@interclasstoks@halfstop@boundary=\toks74
\@@interclasstoks@boundary@halfstop=\toks75
\@@interclasstoks@halfstop@halfwidth=\toks76
\@@interclasstoks@halfwidth@halfstop=\toks77
\@@interclasstoks@halfstop@fullwidth=\toks78
\@@interclasstoks@fullwidth@halfstop=\toks79
\@@interclasstoks@halfstop@alphanum=\toks80
\@@interclasstoks@alphanum@halfstop=\toks81
\@@interclasstoks@halfstop@hanzi=\toks82
\@@interclasstoks@hanzi@halfstop=\toks83
\@@interclasstoks@halfstop@openfw=\toks84
\@@interclasstoks@openfw@halfstop=\toks85
\@@interclasstoks@halfstop@closefw=\toks86
\@@interclasstoks@closefw@halfstop=\toks87
\@@interclasstoks@halfstop@halfstop=\toks88
\@@interclasstoks@fullstop@boundary=\toks89
\@@interclasstoks@boundary@fullstop=\toks90
\@@interclasstoks@fullstop@halfwidth=\toks91
\@@interclasstoks@halfwidth@fullstop=\toks92
\@@interclasstoks@fullstop@fullwidth=\toks93
\@@interclasstoks@fullwidth@fullstop=\toks94
\@@interclasstoks@fullstop@alphanum=\toks95
\@@interclasstoks@alphanum@fullstop=\toks96
\@@interclasstoks@fullstop@hanzi=\toks97
\@@interclasstoks@hanzi@fullstop=\toks98
\@@interclasstoks@fullstop@openfw=\toks99
\@@interclasstoks@openfw@fullstop=\toks100
\@@interclasstoks@fullstop@closefw=\toks101
\@@interclasstoks@closefw@fullstop=\toks102
\@@interclasstoks@fullstop@halfstop=\toks103
\@@interclasstoks@halfstop@fullstop=\toks104
\@@interclasstoks@fullstop@fullstop=\toks105
\@@interclasstoks@fwpunct@boundary=\toks106
\@@interclasstoks@boundary@fwpunct=\toks107
\@@interclasstoks@fwpunct@halfwidth=\toks108
\@@interclasstoks@halfwidth@fwpunct=\toks109
\@@interclasstoks@fwpunct@fullwidth=\toks110
\@@interclasstoks@fullwidth@fwpunct=\toks111
\@@interclasstoks@fwpunct@alphanum=\toks112
\@@interclasstoks@alphanum@fwpunct=\toks113
\@@interclasstoks@fwpunct@hanzi=\toks114
\@@interclasstoks@hanzi@fwpunct=\toks115
\@@interclasstoks@fwpunct@openfw=\toks116
\@@interclasstoks@openfw@fwpunct=\toks117
\@@interclasstoks@fwpunct@closefw=\toks118
\@@interclasstoks@closefw@fwpunct=\toks119
\@@interclasstoks@fwpunct@halfstop=\toks120
\@@interclasstoks@halfstop@fwpunct=\toks121
\@@interclasstoks@fwpunct@fullstop=\toks122
\@@interclasstoks@fullstop@fwpunct=\toks123
\@@interclasstoks@fwpunct@fwpunct=\toks124
\@@interclasstoks@cjkexta@boundary=\toks125
\@@interclasstoks@boundary@cjkexta=\toks126
\@@interclasstoks@cjkexta@halfwidth=\toks127
\@@interclasstoks@halfwidth@cjkexta=\toks128
\@@interclasstoks@cjkexta@fullwidth=\toks129
\@@interclasstoks@fullwidth@cjkexta=\toks130
\@@interclasstoks@cjkexta@alphanum=\toks131
\@@interclasstoks@alphanum@cjkexta=\toks132
\@@interclasstoks@cjkexta@hanzi=\toks133
\@@interclasstoks@hanzi@cjkexta=\toks134
\@@interclasstoks@cjkexta@openfw=\toks135
\@@interclasstoks@openfw@cjkexta=\toks136
\@@interclasstoks@cjkexta@closefw=\toks137
\@@interclasstoks@closefw@cjkexta=\toks138
\@@interclasstoks@cjkexta@halfstop=\toks139
\@@interclasstoks@halfstop@cjkexta=\toks140
\@@interclasstoks@cjkexta@fullstop=\toks141
\@@interclasstoks@fullstop@cjkexta=\toks142
\@@interclasstoks@cjkexta@fwpunct=\toks143
\@@interclasstoks@fwpunct@cjkexta=\toks144
\@@interclasstoks@cjkexta@cjkexta=\toks145
\@@interclasstoks@cjkextb@boundary=\toks146
\@@interclasstoks@boundary@cjkextb=\toks147
\@@interclasstoks@cjkextb@halfwidth=\toks148
\@@interclasstoks@halfwidth@cjkextb=\toks149
\@@interclasstoks@cjkextb@fullwidth=\toks150
\@@interclasstoks@fullwidth@cjkextb=\toks151
\@@interclasstoks@cjkextb@alphanum=\toks152
\@@interclasstoks@alphanum@cjkextb=\toks153
\@@interclasstoks@cjkextb@hanzi=\toks154
\@@interclasstoks@hanzi@cjkextb=\toks155
\@@interclasstoks@cjkextb@openfw=\toks156
\@@interclasstoks@openfw@cjkextb=\toks157
\@@interclasstoks@cjkextb@closefw=\toks158
\@@interclasstoks@closefw@cjkextb=\toks159
\@@interclasstoks@cjkextb@halfstop=\toks160
\@@interclasstoks@halfstop@cjkextb=\toks161
\@@interclasstoks@cjkextb@fullstop=\toks162
\@@interclasstoks@fullstop@cjkextb=\toks163
\@@interclasstoks@cjkextb@fwpunct=\toks164
\@@interclasstoks@fwpunct@cjkextb=\toks165
\@@interclasstoks@cjkextb@cjkexta=\toks166
\@@interclasstoks@cjkexta@cjkextb=\toks167
\@@interclasstoks@cjkextb@cjkextb=\toks168
\n=\count126
\@@interclasstoks@longpunct@boundary=\toks169
\@@interclasstoks@boundary@longpunct=\toks170
\@@interclasstoks@longpunct@halfwidth=\toks171
\@@interclasstoks@halfwidth@longpunct=\toks172
\@@interclasstoks@longpunct@fullwidth=\toks173
\@@interclasstoks@fullwidth@longpunct=\toks174
\@@interclasstoks@longpunct@alphanum=\toks175
\@@interclasstoks@alphanum@longpunct=\toks176
\@@interclasstoks@longpunct@hanzi=\toks177
\@@interclasstoks@hanzi@longpunct=\toks178
\@@interclasstoks@longpunct@openfw=\toks179
\@@interclasstoks@openfw@longpunct=\toks180
\@@interclasstoks@longpunct@closefw=\toks181
\@@interclasstoks@closefw@longpunct=\toks182
\@@interclasstoks@longpunct@halfstop=\toks183
\@@interclasstoks@halfstop@longpunct=\toks184
\@@interclasstoks@longpunct@fullstop=\toks185
\@@interclasstoks@fullstop@longpunct=\toks186
\@@interclasstoks@longpunct@fwpunct=\toks187
\@@interclasstoks@fwpunct@longpunct=\toks188
\@@interclasstoks@longpunct@cjkexta=\toks189
\@@interclasstoks@cjkexta@longpunct=\toks190
\@@interclasstoks@longpunct@cjkextb=\toks191
\@@interclasstoks@cjkextb@longpunct=\toks192
\@@interclasstoks@longpunct@longpunct=\toks193
\@@interclasstoks@hwpunct@boundary=\toks194
\@@interclasstoks@boundary@hwpunct=\toks195
\@@interclasstoks@hwpunct@halfwidth=\toks196
\@@interclasstoks@halfwidth@hwpunct=\toks197
\@@interclasstoks@hwpunct@fullwidth=\toks198
\@@interclasstoks@fullwidth@hwpunct=\toks199
\@@interclasstoks@hwpunct@alphanum=\toks200
\@@interclasstoks@alphanum@hwpunct=\toks201
\@@interclasstoks@hwpunct@hanzi=\toks202
\@@interclasstoks@hanzi@hwpunct=\toks203
\@@interclasstoks@hwpunct@openfw=\toks204
\@@interclasstoks@openfw@hwpunct=\toks205
\@@interclasstoks@hwpunct@closefw=\toks206
\@@interclasstoks@closefw@hwpunct=\toks207
\@@interclasstoks@hwpunct@halfstop=\toks208
\@@interclasstoks@halfstop@hwpunct=\toks209
\@@interclasstoks@hwpunct@fullstop=\toks210
\@@interclasstoks@fullstop@hwpunct=\toks211
\@@interclasstoks@hwpunct@fwpunct=\toks212
\@@interclasstoks@fwpunct@hwpunct=\toks213
\@@interclasstoks@hwpunct@cjkexta=\toks214
\@@interclasstoks@cjkexta@hwpunct=\toks215
\@@interclasstoks@hwpunct@cjkextb=\toks216
\@@interclasstoks@cjkextb@hwpunct=\toks217
\@@interclasstoks@hwpunct@longpunct=\toks218
\@@interclasstoks@longpunct@hwpunct=\toks219
\@@interclasstoks@hwpunct@hwpunct=\toks220
\zhs@tmpcnt=\count127
) zhspacing installed.
(/usr/local/texlive/2014/texmf-dist/tex/latex/hyperref/hyperref.sty
Package: hyperref 2012/11/06 v6.83m Hypertext links for LaTeX

(/usr/local/texlive/2014/texmf-dist/tex/generic/oberdiek/hobsub-hyperref.sty
Package: hobsub-hyperref 2012/05/28 v1.13 Bundle oberdiek, subset hyperref (HO)


(/usr/local/texlive/2014/texmf-dist/tex/generic/oberdiek/hobsub-generic.sty
Package: hobsub-generic 2012/05/28 v1.13 Bundle oberdiek, subset generic (HO)
Package: hobsub 2012/05/28 v1.13 Construct package bundles (HO)
Package: infwarerr 2010/04/08 v1.3 Providing info/warning/error messages (HO)
Package: ltxcmds 2011/11/09 v1.22 LaTeX kernel commands for general use (HO)
Package: ifluatex 2010/03/01 v1.3 Provides the ifluatex switch (HO)
Package ifluatex Info: LuaTeX not detected.
Package hobsub Info: Skipping package `ifvtex' (already loaded).
Package: intcalc 2007/09/27 v1.1 Expandable calculations with integers (HO)
Package hobsub Info: Skipping package `ifpdf' (already loaded).
Package: etexcmds 2011/02/16 v1.5 Avoid name clashes with e-TeX commands (HO)
Package etexcmds Info: Could not find \expanded.
(etexcmds)             That can mean that you are not using pdfTeX 1.50 or
(etexcmds)             that some package has redefined \expanded.
(etexcmds)             In the latter case, load this package earlier.
Package: kvsetkeys 2012/04/25 v1.16 Key value parser (HO)
Package: kvdefinekeys 2011/04/07 v1.3 Define keys (HO)
Package: pdftexcmds 2011/11/29 v0.20 Utility functions of pdfTeX for LuaTeX (HO
)
Package pdftexcmds Info: LuaTeX not detected.
Package pdftexcmds Info: pdfTeX >= 1.30 not detected.
Package pdftexcmds Info: \pdf@primitive is available.
Package pdftexcmds Info: \pdf@ifprimitive is available.
Package pdftexcmds Info: \pdfdraftmode not found.
Package: pdfescape 2011/11/25 v1.13 Implements pdfTeX's escape features (HO)
Package: bigintcalc 2012/04/08 v1.3 Expandable calculations on big integers (HO
)
Package: bitset 2011/01/30 v1.1 Handle bit-vector datatype (HO)
Package: uniquecounter 2011/01/30 v1.2 Provide unlimited unique counter (HO)
)
Package hobsub Info: Skipping package `hobsub' (already loaded).
Package: letltxmacro 2010/09/02 v1.4 Let assignment for LaTeX macros (HO)
Package: hopatch 2012/05/28 v1.2 Wrapper for package hooks (HO)
Package: xcolor-patch 2011/01/30 xcolor patch
Package: atveryend 2011/06/30 v1.8 Hooks at the very end of document (HO)
Package: atbegshi 2011/10/05 v1.16 At begin shipout hook (HO)
Package: refcount 2011/10/16 v3.4 Data extraction from label references (HO)
Package: hycolor 2011/01/30 v1.7 Color options for hyperref/bookmark (HO)
)
(/usr/local/texlive/2014/texmf-dist/tex/latex/oberdiek/auxhook.sty
Package: auxhook 2011/03/04 v1.3 Hooks for auxiliary files (HO)
)
(/usr/local/texlive/2014/texmf-dist/tex/latex/oberdiek/kvoptions.sty
Package: kvoptions 2011/06/30 v3.11 Key value format for package options (HO)
)
\@linkdim=\dimen149
\Hy@linkcounter=\count128
\Hy@pagecounter=\count129

(/usr/local/texlive/2014/texmf-dist/tex/latex/hyperref/pd1enc.def
File: pd1enc.def 2012/11/06 v6.83m Hyperref: PDFDocEncoding definition (HO)
)
\Hy@SavedSpaceFactor=\count130

(/usr/local/texlive/2014/texmf-dist/tex/latex/latexconfig/hyperref.cfg
File: hyperref.cfg 2002/06/06 v1.2 hyperref configuration of TeXLive
)
Package hyperref Info: Option `unicode' set `true' on input line 4319.

(/usr/local/texlive/2014/texmf-dist/tex/latex/hyperref/puenc.def
File: puenc.def 2012/11/06 v6.83m Hyperref: PDF Unicode definition (HO)
)
Package hyperref Info: Hyper figures OFF on input line 4443.
Package hyperref Info: Link nesting OFF on input line 4448.
Package hyperref Info: Hyper index ON on input line 4451.
Package hyperref Info: Plain pages OFF on input line 4458.
Package hyperref Info: Backreferencing OFF on input line 4463.
Package hyperref Info: Implicit mode ON; LaTeX internals redefined.
Package hyperref Info: Bookmarks ON on input line 4688.
\c@Hy@tempcnt=\count131
LaTeX Info: Redefining \url on input line 5041.
\XeTeXLinkMargin=\dimen150
\Fld@menulength=\count132
\Field@Width=\dimen151
\Fld@charsize=\dimen152
Package hyperref Info: Hyper figures OFF on input line 6295.
Package hyperref Info: Link nesting OFF on input line 6300.
Package hyperref Info: Hyper index ON on input line 6303.
Package hyperref Info: backreferencing OFF on input line 6310.
Package hyperref Info: Link coloring OFF on input line 6315.
Package hyperref Info: Link coloring with OCG OFF on input line 6320.
Package hyperref Info: PDF/A mode OFF on input line 6325.
LaTeX Info: Redefining \ref on input line 6365.
LaTeX Info: Redefining \pageref on input line 6369.
\Hy@abspage=\count133
\c@Item=\count134
\c@Hfootnote=\count135
)

Package hyperref Message: Driver (autodetected): hxetex.

(/usr/local/texlive/2014/texmf-dist/tex/latex/hyperref/hxetex.def
File: hxetex.def 2012/11/06 v6.83m Hyperref driver for XeTeX

(/usr/local/texlive/2014/texmf-dist/tex/generic/oberdiek/stringenc.sty
Package: stringenc 2011/12/02 v1.10 Convert strings between diff. encodings (HO
)
)
\pdfm@box=\box44
\c@Hy@AnnotLevel=\count136
\HyField@AnnotCount=\count137
\Fld@listcount=\count138
\c@bookmark@seq@number=\count139

(/usr/local/texlive/2014/texmf-dist/tex/latex/oberdiek/rerunfilecheck.sty
Package: rerunfilecheck 2011/04/15 v1.7 Rerun checks for auxiliary files (HO)
Package rerunfilecheck Info: Feature \pdfmdfivesum is not available
(rerunfilecheck)             (e.g. pdfTeX or LuaTeX with package `pdftexcmds').

(rerunfilecheck)             Therefore file contents cannot be checked efficien
tly
(rerunfilecheck)             and the loading of the package is aborted.
)
\Hy@SectionHShift=\skip72
)
Package hyperref Info: Option `breaklinks' set `true' on input line 72.
Package hyperref Info: Option `bookmarksopen' set `true' on input line 72.

(./cv_panpan_ch_rd.aux)
\openout1 = `cv_panpan_ch_rd.aux'.

LaTeX Font Info:    Checking defaults for OML/cmm/m/it on input line 72.
LaTeX Font Info:    ... okay on input line 72.
LaTeX Font Info:    Checking defaults for T1/cmr/m/n on input line 72.
LaTeX Font Info:    ... okay on input line 72.
LaTeX Font Info:    Checking defaults for OT1/cmr/m/n on input line 72.
LaTeX Font Info:    ... okay on input line 72.
LaTeX Font Info:    Checking defaults for OMS/cmsy/m/n on input line 72.
LaTeX Font Info:    ... okay on input line 72.
LaTeX Font Info:    Checking defaults for OMX/cmex/m/n on input line 72.
LaTeX Font Info:    ... okay on input line 72.
LaTeX Font Info:    Checking defaults for U/cmr/m/n on input line 72.
LaTeX Font Info:    ... okay on input line 72.
LaTeX Font Info:    Checking defaults for EU1/lmr/m/n on input line 72.
LaTeX Font Info:    ... okay on input line 72.
LaTeX Font Info:    Checking defaults for T3/cmr/m/n on input line 72.
LaTeX Font Info:    Try loading font information for T3+cmr on input line 72.

(/usr/local/texlive/2014/texmf-dist/tex/latex/tipa/t3cmr.fd
File: t3cmr.fd 2001/12/31 TIPA font definitions
)
LaTeX Font Info:    ... okay on input line 72.
LaTeX Font Info:    Checking defaults for PD1/pdf/m/n on input line 72.
LaTeX Font Info:    ... okay on input line 72.
LaTeX Font Info:    Checking defaults for PU/pdf/m/n on input line 72.
LaTeX Font Info:    ... okay on input line 72.
LaTeX Info: Redefining \microtypecontext on input line 72.
Package microtype Info: Character protrusion enabled (level 2).
Package microtype Info: Using default protrusion set `alltext'.
Package microtype Info: No adjustment of tracking.
Package microtype Info: No adjustment of spacing.
Package microtype Info: No adjustment of kerning.

(/usr/local/texlive/2014/texmf-dist/tex/latex/microtype/mt-cmr.cfg
File: mt-cmr.cfg 2013/05/19 v2.2 microtype config. file: Computer Modern Roman 
(RS)
)
Package microtype Info: Loading generic settings for font family
(microtype)             `lmr' (encoding: EU1).
(microtype)             For optimal results, create family-specific settings.
(microtype)             See the microtype manual for details.

*geometry* driver: auto-detecting
*geometry* detected driver: xetex
*geometry* verbose mode - [ preamble ] result:
* driver: xetex
* paper: a4paper
* layout: <same size as paper>
* layoutoffset:(h,v)=(0.0pt,0.0pt)
* modes: 
* h-part:(L,W,R)=(32.71704pt, 507.88533pt, 56.9055pt)
* v-part:(T,H,B)=(50.70074pt, 718.29497pt, 76.05113pt)
* \paperwidth=597.50787pt
* \paperheight=845.04684pt
* \textwidth=507.88533pt
* \textheight=718.29497pt
* \oddsidemargin=-39.55295pt
* \evensidemargin=-39.55295pt
* \topmargin=-58.56924pt
* \headheight=12.0pt
* \headsep=25.0pt
* \topskip=10.0pt
* \footskip=30.0pt
* \marginparwidth=57.0pt
* \marginparsep=11.0pt
* \columnsep=10.0pt
* \skip\footins=9.0pt plus 4.0pt minus 2.0pt
* \hoffset=0.0pt
* \voffset=0.0pt
* \mag=1000
* \@twocolumnfalse
* \@twosidefalse
* \@mparswitchfalse
* \@reversemarginfalse
* (1in=72.27pt=25.4mm, 1cm=28.453pt)

\AtBeginShipoutBox=\box45
Package hyperref Info: Link coloring OFF on input line 72.
(/usr/local/texlive/2014/texmf-dist/tex/latex/hyperref/nameref.sty
Package: nameref 2012/10/27 v2.43 Cross-referencing by name of section

(/usr/local/texlive/2014/texmf-dist/tex/generic/oberdiek/gettitlestring.sty
Package: gettitlestring 2010/12/03 v1.4 Cleanup title references (HO)
)
\c@section@level=\count140
)
LaTeX Info: Redefining \ref on input line 72.
LaTeX Info: Redefining \pageref on input line 72.
LaTeX Info: Redefining \nameref on input line 72.

(./cv_panpan_ch_rd.out) (./cv_panpan_ch_rd.out)
\@outlinefile=\write3
\openout3 = `cv_panpan_ch_rd.out'.

\makecvtitledetailsbox=\box46
LaTeX Font Info:    Try loading font information for OT1+lmr on input line 74.

(/usr/local/texlive/2014/texmf-dist/tex/latex/lm/ot1lmr.fd
File: ot1lmr.fd 2009/10/30 v1.6 Font defs for Latin Modern
)
LaTeX Font Info:    Try loading font information for OML+lmm on input line 74.

(/usr/local/texlive/2014/texmf-dist/tex/latex/lm/omllmm.fd
File: omllmm.fd 2009/10/30 v1.6 Font defs for Latin Modern
)
LaTeX Font Info:    Try loading font information for OMS+lmsy on input line 74.


(/usr/local/texlive/2014/texmf-dist/tex/latex/lm/omslmsy.fd
File: omslmsy.fd 2009/10/30 v1.6 Font defs for Latin Modern
)
LaTeX Font Info:    Try loading font information for OMX+lmex on input line 74.


(/usr/local/texlive/2014/texmf-dist/tex/latex/lm/omxlmex.fd
File: omxlmex.fd 2009/10/30 v1.6 Font defs for Latin Modern
)
LaTeX Font Info:    External font `lmex10' loaded for size
(Font)              <9> on input line 74.
LaTeX Font Info:    External font `lmex10' loaded for size
(Font)              <6> on input line 74.
LaTeX Font Info:    External font `lmex10' loaded for size
(Font)              <5> on input line 74.

(/usr/local/texlive/2014/texmf-dist/tex/latex/microtype/mt-mvs.cfg
File: mt-mvs.cfg 2006/07/05 v1.1 microtype config. file: Marvosym Euro (RS)
)
\makecvtitlepicturebox=\box47
\makecvtitledetailswidth=\skip73
\makecvtitlepicturewidth=\skip74
Package microtype Info: Loading generic settings for font family
(microtype)             `HeitiSC' (encoding: EU1).
(microtype)             For optimal results, create family-specific settings.
(microtype)             See the microtype manual for details.

Underfull \hbox (badness 10000) in paragraph at lines 74--74

 []


Overfull \hbox (20.0pt too wide) in paragraph at lines 81--81
[][] [] 
 []

LaTeX Font Info:    External font `lmex10' loaded for size
(Font)              <10> on input line 82.
LaTeX Font Info:    External font `lmex10' loaded for size
(Font)              <7> on input line 82.

Overfull \hbox (20.0pt too wide) in paragraph at lines 82--82
[][] 
 []


Overfull \hbox (20.0pt too wide) in paragraph at lines 94--94
[][] [] 
 []


LaTeX Font Warning: Font shape `EU1/HeitiSC(0)/m/sl' undefined
(Font)              using `EU1/HeitiSC(0)/m/n' instead on input line 95.


Overfull \hbox (20.0pt too wide) in paragraph at lines 95--95
[][] 
 []


Overfull \hbox (20.0pt too wide) in paragraph at lines 96--96
[][] 
 []


Overfull \hbox (20.0pt too wide) in paragraph at lines 97--97
[][] 
 []


Overfull \hbox (20.0pt too wide) in paragraph at lines 98--98
[][] 
 []


Overfull \hbox (20.0pt too wide) in paragraph at lines 106--106
[][] [] 
 []


Overfull \hbox (20.0pt too wide) in paragraph at lines 108--108
[][] 
 []


Overfull \hbox (20.0pt too wide) in paragraph at lines 109--109
[][] 
 []


Overfull \hbox (20.0pt too wide) in paragraph at lines 110--110
[][] 
 []


Overfull \hbox (20.0pt too wide) in paragraph at lines 111--111
[][] 
 []


Overfull \hbox (20.0pt too wide) in paragraph at lines 112--112
[][] 
 []


Overfull \hbox (20.0pt too wide) in paragraph at lines 113--113
[][] 
 []


Overfull \hbox (20.0pt too wide) in paragraph at lines 115--115
[][] [] 
 []


Overfull \hbox (20.0pt too wide) in paragraph at lines 117--117
[][] 
 []


Overfull \hbox (20.0pt too wide) in paragraph at lines 118--118
[][] 
 []


Overfull \hbox (20.0pt too wide) in paragraph at lines 121--121
[][] 
 []


Overfull \hbox (20.0pt too wide) in paragraph at lines 130--130
[][] 
 []


Overfull \hbox (20.0pt too wide) in paragraph at lines 132--132
[][] 
 []


Overfull \hbox (20.0pt too wide) in paragraph at lines 141--141
[][] 
 []


Overfull \hbox (20.0pt too wide) in paragraph at lines 144--144
[][] 
 []


Overfull \hbox (20.0pt too wide) in paragraph at lines 153--153
[][] 
 []


Overfull \hbox (20.0pt too wide) in paragraph at lines 155--155
[][] 
 []

[1

]
Overfull \hbox (20.0pt too wide) in paragraph at lines 160--160
[][] 
 []


Overfull \hbox (20.0pt too wide) in paragraph at lines 163--163
[][] [] 
 []


Overfull \hbox (20.0pt too wide) in paragraph at lines 165--165
[][] 
 []


Overfull \hbox (20.0pt too wide) in paragraph at lines 166--166
[][] 
 []


Overfull \hbox (20.0pt too wide) in paragraph at lines 169--169
[][] 
 []


Overfull \hbox (20.0pt too wide) in paragraph at lines 170--170
[][] 
 []


Overfull \hbox (20.0pt too wide) in paragraph at lines 173--173
[][] 
 []


Overfull \hbox (20.0pt too wide) in paragraph at lines 174--174
[][] 
 []


Overfull \hbox (20.0pt too wide) in paragraph at lines 177--177
[][] [] 
 []


Overfull \hbox (20.0pt too wide) in paragraph at lines 179--179
[][] 
 []


Overfull \hbox (20.0pt too wide) in paragraph at lines 180--180
[][] 
 []


Overfull \hbox (20.0pt too wide) in paragraph at lines 183--183
[][] [] 
 []


Overfull \hbox (20.0pt too wide) in paragraph at lines 184--184
[][] 
 []


Overfull \hbox (20.0pt too wide) in paragraph at lines 185--185
[][] 
 []


Overfull \hbox (20.0pt too wide) in paragraph at lines 188--188
[][] [] 
 []


Overfull \hbox (20.0pt too wide) in paragraph at lines 196--196
[][] 
 []


Overfull \hbox (20.0pt too wide) in paragraph at lines 205--205
[][] 
 []


Overfull \hbox (20.0pt too wide) in paragraph at lines 208--208
[][] [] 
 []


Overfull \hbox (20.0pt too wide) in paragraph at lines 210--210
[][] 
 []


Overfull \hbox (20.0pt too wide) in paragraph at lines 211--211
[][] 
 []


Overfull \hbox (20.0pt too wide) in paragraph at lines 212--212
[][] 
 []


Overfull \hbox (20.0pt too wide) in paragraph at lines 213--213
[][] 
 []

[2]
Overfull \hbox (20.0pt too wide) in paragraph at lines 222--222
[][] [] 
 []


Overfull \hbox (20.0pt too wide) in paragraph at lines 224--224
[][] 
 []


Overfull \hbox (20.0pt too wide) in paragraph at lines 225--225
[][] 
 []


Overfull \hbox (20.0pt too wide) in paragraph at lines 226--226
[][] 
 []


Overfull \hbox (20.0pt too wide) in paragraph at lines 227--227
[][] 
 []


Overfull \hbox (20.0pt too wide) in paragraph at lines 234--234
[][] [] 
 []


Overfull \hbox (20.0pt too wide) in paragraph at lines 236--236
[][] 
 []


Overfull \hbox (20.0pt too wide) in paragraph at lines 237--237
[][] 
 []


Overfull \hbox (20.0pt too wide) in paragraph at lines 242--242
[][] 
 []


Overfull \hbox (20.0pt too wide) in paragraph at lines 249--249
[][] [] 
 []


Overfull \hbox (20.0pt too wide) in paragraph at lines 250--250
[][] 
 []


Overfull \hbox (20.0pt too wide) in paragraph at lines 251--251
[][] 
 []


Overfull \hbox (20.0pt too wide) in paragraph at lines 252--252
[][] 
 []


Overfull \hbox (20.0pt too wide) in paragraph at lines 253--253
[][] 
 []


Overfull \hbox (20.0pt too wide) in paragraph at lines 256--256
[][] [] 
 []


Overfull \hbox (20.0pt too wide) in paragraph at lines 258--258
[][] 
 []

[3

]
Package atveryend Info: Empty hook `BeforeClearDocument' on input line 267.
Package atveryend Info: Empty hook `AfterLastShipout' on input line 267.
 (./cv_panpan_ch_rd.aux)
Package atveryend Info: Empty hook `AtVeryEndDocument' on input line 267.
Package atveryend Info: Empty hook `AtEndAfterFileList' on input line 267.


LaTeX Font Warning: Some font shapes were not available, defaults substituted.

 ) 
Here is how much of TeX's memory you used:
 23719 strings out of 493724
 438626 string characters out of 6145898
 534912 words of memory out of 5000000
 26815 multiletter control sequences out of 15000+600000
 25137 words of font info for 53 fonts, out of 8000000 for 9000
 1328 hyphenation exceptions out of 8191
 42i,12n,67p,10423b,354s stack positions out of 5000i,500n,10000p,200000b,80000s

Output written on cv_panpan_ch_rd.pdf (3 pages).
